This file contains any messages produced by compilers while
running configure, to aid debugging if configure makes a mistake.

It was created by swig configure 3.0.7, which was
generated by GNU Autoconf 2.69.  Invocation command line was

  $ ./configure --prefix=/home/kgieseking --without-pcre

## --------- ##
## Platform. ##
## --------- ##

hostname = muarae4
uname -m = x86_64
uname -r = 2.6.32-573.3.1.el6.x86_64
uname -s = Linux
uname -v = #1 SMP Thu Aug 13 12:55:33 CDT 2015

/usr/bin/uname -p = unknown
/bin/uname -X     = unknown

/bin/arch              = x86_64
/usr/bin/arch -k       = unknown
/usr/convex/getsysinfo = unknown
/usr/bin/hostinfo      = unknown
/bin/machine           = unknown
/usr/bin/oslevel       = unknown
/bin/universe          = unknown

PATH: /usr/lib64/qt-3.3/bin
PATH: /usr/lib64/ccache
PATH: /usr/local/bin
PATH: /bin
PATH: /usr/bin
PATH: /usr/local/sbin
PATH: /usr/sbin
PATH: /sbin


## ----------- ##
## Core tests. ##
## ----------- ##

configure:2868: checking build system type
configure:2882: result: x86_64-unknown-linux-gnu
configure:2902: checking host system type
configure:2915: result: x86_64-unknown-linux-gnu
configure:2951: checking for a BSD-compatible install
configure:3019: result: /usr/bin/install -c
configure:3030: checking whether build environment is sane
configure:3085: result: yes
configure:3236: checking for a thread-safe mkdir -p
configure:3275: result: /bin/mkdir -p
configure:3282: checking for gawk
configure:3298: found /bin/gawk
configure:3309: result: gawk
configure:3320: checking whether make sets $(MAKE)
configure:3342: result: yes
configure:3371: checking whether make supports nested variables
configure:3388: result: yes
configure:3564: checking for gcc
configure:3580: found /usr/lib64/ccache/gcc
configure:3591: result: gcc
configure:3820: checking for C compiler version
configure:3829: gcc --version >&5
gcc (GCC) 4.4.7 20120313 (Red Hat 4.4.7-16)
Copyright (C) 2010 Free Software Foundation, Inc.
This is free software; see the source for copying conditions.  There is NO
warranty; not even for MERCHANTABILITY or FITNESS FOR A PARTICULAR PURPOSE.

configure:3840: $? = 0
configure:3829: gcc -v >&5
Using built-in specs.
Target: x86_64-redhat-linux
Configured with: ../configure --prefix=/usr --mandir=/usr/share/man --infodir=/usr/share/info --with-bugurl=http://bugzilla.redhat.com/bugzilla --enable-bootstrap --enable-shared --enable-threads=posix --enable-checking=release --with-system-zlib --enable-__cxa_atexit --disable-libunwind-exceptions --enable-gnu-unique-object --enable-languages=c,c++,objc,obj-c++,java,fortran,ada --enable-java-awt=gtk --disable-dssi --with-java-home=/usr/lib/jvm/java-1.5.0-gcj-1.5.0.0/jre --enable-libgcj-multifile --enable-java-maintainer-mode --with-ecj-jar=/usr/share/java/eclipse-ecj.jar --disable-libjava-multilib --with-ppl --with-cloog --with-tune=generic --with-arch_32=i686 --build=x86_64-redhat-linux
Thread model: posix
gcc version 4.4.7 20120313 (Red Hat 4.4.7-16) (GCC) 
configure:3840: $? = 0
configure:3829: gcc -V >&5
gcc: '-V' option must have argument
configure:3840: $? = 1
configure:3829: gcc -qversion >&5
gcc: unrecognized option '-qversion'
gcc: no input files
configure:3840: $? = 1
configure:3860: checking whether the C compiler works
configure:3882: gcc    conftest.c  >&5
configure:3886: $? = 0
configure:3934: result: yes
configure:3937: checking for C compiler default output file name
configure:3939: result: a.out
configure:3945: checking for suffix of executables
configure:3952: gcc -o conftest    conftest.c  >&5
configure:3956: $? = 0
configure:3978: result: 
configure:4000: checking whether we are cross compiling
configure:4008: gcc -o conftest    conftest.c  >&5
configure:4012: $? = 0
configure:4019: ./conftest
configure:4023: $? = 0
configure:4038: result: no
configure:4043: checking for suffix of object files
configure:4065: gcc -c   conftest.c >&5
configure:4069: $? = 0
configure:4090: result: o
configure:4094: checking whether we are using the GNU C compiler
configure:4113: gcc -c   conftest.c >&5
configure:4113: $? = 0
configure:4122: result: yes
configure:4131: checking whether gcc accepts -g
configure:4151: gcc -c -g  conftest.c >&5
configure:4151: $? = 0
configure:4192: result: yes
configure:4209: checking for gcc option to accept ISO C89
configure:4272: gcc  -c -g -O2  conftest.c >&5
configure:4272: $? = 0
configure:4285: result: none needed
configure:4310: checking whether gcc understands -c and -o together
configure:4332: gcc -c conftest.c -o conftest2.o
configure:4335: $? = 0
configure:4332: gcc -c conftest.c -o conftest2.o
configure:4335: $? = 0
configure:4347: result: yes
configure:4375: checking for style of include used by make
configure:4403: result: GNU
configure:4429: checking dependency style of gcc
configure:4540: result: gcc3
configure:4613: checking for g++
configure:4629: found /usr/lib64/ccache/g++
configure:4640: result: g++
configure:4667: checking for C++ compiler version
configure:4676: g++ --version >&5
g++ (GCC) 4.4.7 20120313 (Red Hat 4.4.7-16)
Copyright (C) 2010 Free Software Foundation, Inc.
This is free software; see the source for copying conditions.  There is NO
warranty; not even for MERCHANTABILITY or FITNESS FOR A PARTICULAR PURPOSE.

configure:4687: $? = 0
configure:4676: g++ -v >&5
Using built-in specs.
Target: x86_64-redhat-linux
Configured with: ../configure --prefix=/usr --mandir=/usr/share/man --infodir=/usr/share/info --with-bugurl=http://bugzilla.redhat.com/bugzilla --enable-bootstrap --enable-shared --enable-threads=posix --enable-checking=release --with-system-zlib --enable-__cxa_atexit --disable-libunwind-exceptions --enable-gnu-unique-object --enable-languages=c,c++,objc,obj-c++,java,fortran,ada --enable-java-awt=gtk --disable-dssi --with-java-home=/usr/lib/jvm/java-1.5.0-gcj-1.5.0.0/jre --enable-libgcj-multifile --enable-java-maintainer-mode --with-ecj-jar=/usr/share/java/eclipse-ecj.jar --disable-libjava-multilib --with-ppl --with-cloog --with-tune=generic --with-arch_32=i686 --build=x86_64-redhat-linux
Thread model: posix
gcc version 4.4.7 20120313 (Red Hat 4.4.7-16) (GCC) 
configure:4687: $? = 0
configure:4676: g++ -V >&5
g++: '-V' option must have argument
configure:4687: $? = 1
configure:4676: g++ -qversion >&5
g++: unrecognized option '-qversion'
g++: no input files
configure:4687: $? = 1
configure:4691: checking whether we are using the GNU C++ compiler
configure:4710: g++ -c   conftest.cpp >&5
configure:4710: $? = 0
configure:4719: result: yes
configure:4728: checking whether g++ accepts -g
configure:4748: g++ -c -g  conftest.cpp >&5
configure:4748: $? = 0
configure:4789: result: yes
configure:4814: checking dependency style of g++
configure:4925: result: gcc3
configure:4945: checking maximum warning verbosity option
configure:4983: result: -Wall -W -ansi -pedantic for C++ -Wall -W -ansi -pedantic for C
configure:5006: checking how to run the C preprocessor
configure:5037: gcc -E  conftest.c
configure:5037: $? = 0
configure:5051: gcc -E  conftest.c
conftest.c:13:28: error: ac_nonexistent.h: No such file or directory
configure:5051: $? = 1
configure: failed program was:
| /* confdefs.h */
| #define PACKAGE_NAME "swig"
| #define PACKAGE_TARNAME "swig"
| #define PACKAGE_VERSION "3.0.7"
| #define PACKAGE_STRING "swig 3.0.7"
| #define PACKAGE_BUGREPORT "http://www.swig.org"
| #define PACKAGE_URL ""
| #define PACKAGE "swig"
| #define VERSION "3.0.7"
| #define SWIG_CXX "g++"
| #define SWIG_PLATFORM "x86_64-unknown-linux-gnu"
| /* end confdefs.h.  */
| #include <ac_nonexistent.h>
configure:5076: result: gcc -E
configure:5096: gcc -E  conftest.c
configure:5096: $? = 0
configure:5110: gcc -E  conftest.c
conftest.c:13:28: error: ac_nonexistent.h: No such file or directory
configure:5110: $? = 1
configure: failed program was:
| /* confdefs.h */
| #define PACKAGE_NAME "swig"
| #define PACKAGE_TARNAME "swig"
| #define PACKAGE_VERSION "3.0.7"
| #define PACKAGE_STRING "swig 3.0.7"
| #define PACKAGE_BUGREPORT "http://www.swig.org"
| #define PACKAGE_URL ""
| #define PACKAGE "swig"
| #define VERSION "3.0.7"
| #define SWIG_CXX "g++"
| #define SWIG_PLATFORM "x86_64-unknown-linux-gnu"
| /* end confdefs.h.  */
| #include <ac_nonexistent.h>
configure:5139: checking for grep that handles long lines and -e
configure:5197: result: /bin/grep
configure:5202: checking for egrep
configure:5264: result: /bin/grep -E
configure:5269: checking for ANSI C header files
configure:5289: gcc -c -g -O2 -Wall -W -ansi -pedantic  conftest.c >&5
configure:5289: $? = 0
configure:5362: gcc -o conftest -g -O2 -Wall -W -ansi -pedantic   conftest.c  >&5
configure:5362: $? = 0
configure:5362: ./conftest
configure:5362: $? = 0
configure:5373: result: yes
configure:5394: checking for sys/types.h
configure:5394: g++ -c -g -O2 -Wall -W -ansi -pedantic  conftest.cpp >&5
configure:5394: $? = 0
configure:5394: result: yes
configure:5394: checking for sys/stat.h
configure:5394: g++ -c -g -O2 -Wall -W -ansi -pedantic  conftest.cpp >&5
configure:5394: $? = 0
configure:5394: result: yes
configure:5394: checking for stdlib.h
configure:5394: g++ -c -g -O2 -Wall -W -ansi -pedantic  conftest.cpp >&5
configure:5394: $? = 0
configure:5394: result: yes
configure:5394: checking for string.h
configure:5394: g++ -c -g -O2 -Wall -W -ansi -pedantic  conftest.cpp >&5
configure:5394: $? = 0
configure:5394: result: yes
configure:5394: checking for memory.h
configure:5394: g++ -c -g -O2 -Wall -W -ansi -pedantic  conftest.cpp >&5
configure:5394: $? = 0
configure:5394: result: yes
configure:5394: checking for strings.h
configure:5394: g++ -c -g -O2 -Wall -W -ansi -pedantic  conftest.cpp >&5
configure:5394: $? = 0
configure:5394: result: yes
configure:5394: checking for inttypes.h
configure:5394: g++ -c -g -O2 -Wall -W -ansi -pedantic  conftest.cpp >&5
configure:5394: $? = 0
configure:5394: result: yes
configure:5394: checking for stdint.h
configure:5394: g++ -c -g -O2 -Wall -W -ansi -pedantic  conftest.cpp >&5
configure:5394: $? = 0
configure:5394: result: yes
configure:5394: checking for unistd.h
configure:5394: g++ -c -g -O2 -Wall -W -ansi -pedantic  conftest.cpp >&5
configure:5394: $? = 0
configure:5394: result: yes
configure:5406: checking for bool
configure:5406: g++ -c -g -O2 -Wall -W -ansi -pedantic  conftest.cpp >&5
configure:5406: $? = 0
configure:5406: g++ -c -g -O2 -Wall -W -ansi -pedantic  conftest.cpp >&5
conftest.cpp: In function 'int main()':
conftest.cpp:59: error: expected primary-expression before 'bool'
conftest.cpp:59: error: expected ')' before 'bool'
conftest.cpp:60: error: expected ')' before ';' token
conftest.cpp:60: error: expected ')' before ';' token
conftest.cpp:60: warning: suggest braces around empty body in an 'if' statement
configure:5406: $? = 1
configure: failed program was:
| /* confdefs.h */
| #define PACKAGE_NAME "swig"
| #define PACKAGE_TARNAME "swig"
| #define PACKAGE_VERSION "3.0.7"
| #define PACKAGE_STRING "swig 3.0.7"
| #define PACKAGE_BUGREPORT "http://www.swig.org"
| #define PACKAGE_URL ""
| #define PACKAGE "swig"
| #define VERSION "3.0.7"
| #define SWIG_CXX "g++"
| #define SWIG_PLATFORM "x86_64-unknown-linux-gnu"
| #define STDC_HEADERS 1
| #define HAVE_SYS_TYPES_H 1
| #define HAVE_SYS_STAT_H 1
| #define HAVE_STDLIB_H 1
| #define HAVE_STRING_H 1
| #define HAVE_MEMORY_H 1
| #define HAVE_STRINGS_H 1
| #define HAVE_INTTYPES_H 1
| #define HAVE_STDINT_H 1
| #define HAVE_UNISTD_H 1
| /* end confdefs.h.  */
| #include <stdio.h>
| #ifdef HAVE_SYS_TYPES_H
| # include <sys/types.h>
| #endif
| #ifdef HAVE_SYS_STAT_H
| # include <sys/stat.h>
| #endif
| #ifdef STDC_HEADERS
| # include <stdlib.h>
| # include <stddef.h>
| #else
| # ifdef HAVE_STDLIB_H
| #  include <stdlib.h>
| # endif
| #endif
| #ifdef HAVE_STRING_H
| # if !defined STDC_HEADERS && defined HAVE_MEMORY_H
| #  include <memory.h>
| # endif
| # include <string.h>
| #endif
| #ifdef HAVE_STRINGS_H
| # include <strings.h>
| #endif
| #ifdef HAVE_INTTYPES_H
| # include <inttypes.h>
| #endif
| #ifdef HAVE_STDINT_H
| # include <stdint.h>
| #endif
| #ifdef HAVE_UNISTD_H
| # include <unistd.h>
| #endif
| int
| main ()
| {
| if (sizeof ((bool)))
| 	    return 0;
|   ;
|   return 0;
| }
configure:5406: result: yes
configure:5433: checking for popen
configure:5433: gcc -o conftest -g -O2 -Wall -W -ansi -pedantic   conftest.c  >&5
configure:5433: $? = 0
configure:5433: result: yes
configure:5457: checking whether to enable PCRE support
configure:5459: result: no
configure:5475: checking for a sed that does not truncate output
configure:5539: result: /bin/sed
configure:5809: checking whether to enable ccache-swig
configure:5811: result: yes
configure:5833: checking for bison
configure:5849: found /usr/bin/bison
configure:5860: result: bison -y
configure:5915: checking for ranlib
configure:5931: found /usr/bin/ranlib
configure:5942: result: ranlib
configure:5968: checking for ar
configure:5984: found /usr/bin/ar
configure:5995: result: ar
configure:6012: checking for yodl2man
configure:6042: result: no
configure:6054: checking for yodl2html
configure:6084: result: no
configure:6235: checking for boostlib >= 1.20.0
configure:6318: g++ -c -g -O2 -Wall -W -ansi -pedantic  -I/usr/include conftest.cpp >&5
configure:6318: $? = 0
configure:6320: result: yes
configure:6483: ISYSTEM: -isystem 
configure:6488: checking SO
configure:6499: result: .so
configure:6506: checking LDSHARED
configure:6555: result: gcc -shared
configure:6561: checking CXXSHARED
configure:6567: result: gcc -shared
configure:6571: checking TRYLINKINGWITHCXX
configure:6596: result: CXXSHARED= g++ -shared 
configure:6600: checking CCSHARED
configure:6621: result: -fpic
configure:6625: checking RPATH
configure:6636: result: -Xlinker -rpath $(exec_prefix)/lib -Xlinker -rpath .
configure:6642: checking LINKFORSHARED
configure:6656: result: -Xlinker -export-dynamic
configure:6660: checking PLATCFLAGS
configure:6670: result: 
configure:6681: checking whether to enable C++11 testing
configure:6683: result: no
configure:6880: checking for dlopen in -ldl
configure:6905: gcc -o conftest -g -O2 -Wall -W -ansi -pedantic   conftest.c -ldl   >&5
configure:6905: $? = 0
configure:6914: result: yes
configure:6925: checking for shl_load in -ldld
configure:6950: gcc -o conftest -g -O2 -Wall -W -ansi -pedantic   conftest.c -ldld  -ldl  >&5
/usr/bin/ld: cannot find -ldld
collect2: ld returned 1 exit status
configure:6950: $? = 1
configure: failed program was:
| /* confdefs.h */
| #define PACKAGE_NAME "swig"
| #define PACKAGE_TARNAME "swig"
| #define PACKAGE_VERSION "3.0.7"
| #define PACKAGE_STRING "swig 3.0.7"
| #define PACKAGE_BUGREPORT "http://www.swig.org"
| #define PACKAGE_URL ""
| #define PACKAGE "swig"
| #define VERSION "3.0.7"
| #define SWIG_CXX "g++"
| #define SWIG_PLATFORM "x86_64-unknown-linux-gnu"
| #define STDC_HEADERS 1
| #define HAVE_SYS_TYPES_H 1
| #define HAVE_SYS_STAT_H 1
| #define HAVE_STDLIB_H 1
| #define HAVE_STRING_H 1
| #define HAVE_MEMORY_H 1
| #define HAVE_STRINGS_H 1
| #define HAVE_INTTYPES_H 1
| #define HAVE_STDINT_H 1
| #define HAVE_UNISTD_H 1
| #define HAVE_BOOL 1
| #define HAVE_POPEN 1
| #define HAVE_BOOST /**/
| #define HAVE_LIBDL 1
| /* end confdefs.h.  */
| 
| /* Override any GCC internal prototype to avoid an error.
|    Use char because int might match the return type of a GCC
|    builtin and then its argument prototype would still apply.  */
| #ifdef __cplusplus
| extern "C"
| #endif
| char shl_load ();
| int
| main ()
| {
| return shl_load ();
|   ;
|   return 0;
| }
configure:6959: result: no
configure:6971: checking for library containing t_open
configure:7002: gcc -o conftest -g -O2 -Wall -W -ansi -pedantic   conftest.c -ldl  >&5
/tmp/ccy54ngg.o: In function `main':
/home/kgieseking/fits_api/swig-3.0.7/conftest.c:38: undefined reference to `t_open'
collect2: ld returned 1 exit status
configure:7002: $? = 1
configure: failed program was:
| /* confdefs.h */
| #define PACKAGE_NAME "swig"
| #define PACKAGE_TARNAME "swig"
| #define PACKAGE_VERSION "3.0.7"
| #define PACKAGE_STRING "swig 3.0.7"
| #define PACKAGE_BUGREPORT "http://www.swig.org"
| #define PACKAGE_URL ""
| #define PACKAGE "swig"
| #define VERSION "3.0.7"
| #define SWIG_CXX "g++"
| #define SWIG_PLATFORM "x86_64-unknown-linux-gnu"
| #define STDC_HEADERS 1
| #define HAVE_SYS_TYPES_H 1
| #define HAVE_SYS_STAT_H 1
| #define HAVE_STDLIB_H 1
| #define HAVE_STRING_H 1
| #define HAVE_MEMORY_H 1
| #define HAVE_STRINGS_H 1
| #define HAVE_INTTYPES_H 1
| #define HAVE_STDINT_H 1
| #define HAVE_UNISTD_H 1
| #define HAVE_BOOL 1
| #define HAVE_POPEN 1
| #define HAVE_BOOST /**/
| #define HAVE_LIBDL 1
| /* end confdefs.h.  */
| 
| /* Override any GCC internal prototype to avoid an error.
|    Use char because int might match the return type of a GCC
|    builtin and then its argument prototype would still apply.  */
| #ifdef __cplusplus
| extern "C"
| #endif
| char t_open ();
| int
| main ()
| {
| return t_open ();
|   ;
|   return 0;
| }
configure:7002: gcc -o conftest -g -O2 -Wall -W -ansi -pedantic   conftest.c -lnsl  -ldl  >&5
/tmp/ccuyyzym.o: In function `main':
/home/kgieseking/fits_api/swig-3.0.7/conftest.c:38: undefined reference to `t_open'
collect2: ld returned 1 exit status
configure:7002: $? = 1
configure: failed program was:
| /* confdefs.h */
| #define PACKAGE_NAME "swig"
| #define PACKAGE_TARNAME "swig"
| #define PACKAGE_VERSION "3.0.7"
| #define PACKAGE_STRING "swig 3.0.7"
| #define PACKAGE_BUGREPORT "http://www.swig.org"
| #define PACKAGE_URL ""
| #define PACKAGE "swig"
| #define VERSION "3.0.7"
| #define SWIG_CXX "g++"
| #define SWIG_PLATFORM "x86_64-unknown-linux-gnu"
| #define STDC_HEADERS 1
| #define HAVE_SYS_TYPES_H 1
| #define HAVE_SYS_STAT_H 1
| #define HAVE_STDLIB_H 1
| #define HAVE_STRING_H 1
| #define HAVE_MEMORY_H 1
| #define HAVE_STRINGS_H 1
| #define HAVE_INTTYPES_H 1
| #define HAVE_STDINT_H 1
| #define HAVE_UNISTD_H 1
| #define HAVE_BOOL 1
| #define HAVE_POPEN 1
| #define HAVE_BOOST /**/
| #define HAVE_LIBDL 1
| /* end confdefs.h.  */
| 
| /* Override any GCC internal prototype to avoid an error.
|    Use char because int might match the return type of a GCC
|    builtin and then its argument prototype would still apply.  */
| #ifdef __cplusplus
| extern "C"
| #endif
| char t_open ();
| int
| main ()
| {
| return t_open ();
|   ;
|   return 0;
| }
configure:7019: result: no
configure:7027: checking for library containing gethostbyname
configure:7058: gcc -o conftest -g -O2 -Wall -W -ansi -pedantic   conftest.c -ldl  >&5
configure:7058: $? = 0
configure:7075: result: none required
configure:7083: checking for library containing socket
configure:7114: gcc -o conftest -g -O2 -Wall -W -ansi -pedantic   conftest.c -ldl  >&5
configure:7114: $? = 0
configure:7131: result: none required
configure:7140: checking for swill_init in -lswill
configure:7165: gcc -o conftest -g -O2 -Wall -W -ansi -pedantic   conftest.c -lswill  -ldl  >&5
/usr/bin/ld: cannot find -lswill
collect2: ld returned 1 exit status
configure:7165: $? = 1
configure: failed program was:
| /* confdefs.h */
| #define PACKAGE_NAME "swig"
| #define PACKAGE_TARNAME "swig"
| #define PACKAGE_VERSION "3.0.7"
| #define PACKAGE_STRING "swig 3.0.7"
| #define PACKAGE_BUGREPORT "http://www.swig.org"
| #define PACKAGE_URL ""
| #define PACKAGE "swig"
| #define VERSION "3.0.7"
| #define SWIG_CXX "g++"
| #define SWIG_PLATFORM "x86_64-unknown-linux-gnu"
| #define STDC_HEADERS 1
| #define HAVE_SYS_TYPES_H 1
| #define HAVE_SYS_STAT_H 1
| #define HAVE_STDLIB_H 1
| #define HAVE_STRING_H 1
| #define HAVE_MEMORY_H 1
| #define HAVE_STRINGS_H 1
| #define HAVE_INTTYPES_H 1
| #define HAVE_STDINT_H 1
| #define HAVE_UNISTD_H 1
| #define HAVE_BOOL 1
| #define HAVE_POPEN 1
| #define HAVE_BOOST /**/
| #define HAVE_LIBDL 1
| /* end confdefs.h.  */
| 
| /* Override any GCC internal prototype to avoid an error.
|    Use char because int might match the return type of a GCC
|    builtin and then its argument prototype would still apply.  */
| #ifdef __cplusplus
| extern "C"
| #endif
| char swill_init ();
| int
| main ()
| {
| return swill_init ();
|   ;
|   return 0;
| }
configure:7174: result: no
configure:7196: checking for main in -lieee
configure:7215: gcc -o conftest -g -O2 -Wall -W -ansi -pedantic   conftest.c -lieee  -ldl  >&5
configure:7215: $? = 0
configure:7224: result: yes
configure:7230: checking for crypt in -lcrypt
configure:7255: gcc -o conftest -g -O2 -Wall -W -ansi -pedantic   conftest.c -lcrypt  -ldl  >&5
configure:7255: $? = 0
configure:7264: result: yes
configure:7306: checking for pkg-config
configure:7322: found /usr/bin/pkg-config
configure:7333: result: pkg-config
configure:7394: checking for Tcl configuration
configure:7417: result: no
configure:7443: checking for Tcl header files
configure:7450: gcc -E  conftest.c
conftest.c:27:17: error: tcl.h: No such file or directory
configure:7450: $? = 1
configure: failed program was:
| /* confdefs.h */
| #define PACKAGE_NAME "swig"
| #define PACKAGE_TARNAME "swig"
| #define PACKAGE_VERSION "3.0.7"
| #define PACKAGE_STRING "swig 3.0.7"
| #define PACKAGE_BUGREPORT "http://www.swig.org"
| #define PACKAGE_URL ""
| #define PACKAGE "swig"
| #define VERSION "3.0.7"
| #define SWIG_CXX "g++"
| #define SWIG_PLATFORM "x86_64-unknown-linux-gnu"
| #define STDC_HEADERS 1
| #define HAVE_SYS_TYPES_H 1
| #define HAVE_SYS_STAT_H 1
| #define HAVE_STDLIB_H 1
| #define HAVE_STRING_H 1
| #define HAVE_MEMORY_H 1
| #define HAVE_STRINGS_H 1
| #define HAVE_INTTYPES_H 1
| #define HAVE_STDINT_H 1
| #define HAVE_UNISTD_H 1
| #define HAVE_BOOL 1
| #define HAVE_POPEN 1
| #define HAVE_BOOST /**/
| #define HAVE_LIBDL 1
| /* end confdefs.h.  */
| #include <tcl.h>
configure:7468: result: not found
configure:7476: checking for Tcl library
configure:7489: result: not found
configure:7551: checking for python
configure:7567: found /usr/local/bin/python
configure:7578: result: python
configure:7595: checking for python major version number
configure:7598: result: 2
configure:7606: checking for Python prefix
configure:7609: result: /usr
configure:7611: checking for Python exec-prefix
configure:7614: result: /usr
configure:7616: checking for Python os.name
configure:7619: result: posix
configure:7650: checking for Python version
configure:7656: result: python2.6
configure:7661: checking for Python lib dir
configure:7668: result: lib
configure:7673: checking for Python header files
configure:7683: result: -I/usr/include/python2.6 -I/usr/lib/python2.6/config
configure:7687: checking for Python library directory
configure:7701: result: Not found
configure:7707: checking for Python library
configure:7713: result: -lpython2.6
configure:7763: checking for python3
configure:7793: result: no
configure:7763: checking for python3.9
configure:7793: result: no
configure:7763: checking for python3.8
configure:7793: result: no
configure:7763: checking for python3.7
configure:7793: result: no
configure:7763: checking for python3.6
configure:7793: result: no
configure:7763: checking for python3.5
configure:7793: result: no
configure:7763: checking for python3.4
configure:7793: result: no
configure:7763: checking for python3.3
configure:7793: result: no
configure:7763: checking for python3.2
configure:7793: result: no
configure:7763: checking for python3.1
configure:7793: result: no
configure:7763: checking for python3.0
configure:7793: result: no
configure:7763: checking for python
configure:7779: found /usr/local/bin/python
configure:7790: result: python
configure:7806: checking for python-config
configure:7822: found /usr/bin/python-config
configure:7833: result: python-config
configure:7897: checking for python major version number
configure:7900: result: 2
configure:8053: checking for pep8
configure:8083: result: no
configure:8122: checking for perl
configure:8138: found /usr/local/bin/perl
configure:8149: result: perl
configure:8167: checking for Perl5 header files
configure:8176: result: /usr/lib64/perl5/CORE
configure:8188: checking for Perl5 library
configure:8195: result: perl
configure:8198: checking for Perl5 ccflags
configure:8205: result: -D_REENTRANT -D_GNU_SOURCE -fno-strict-aliasing -pipe -fstack-protector -isystem /usr/local/include -D_LARGEFILE_SOURCE -D_FILE_OFFSET_BITS=64
configure:8208: checking for Perl5 ccdlflags
configure:8215: result: -Wl,-E -Wl,-rpath,/usr/lib64/perl5/CORE
configure:8218: checking for Perl5 cccdlflags
configure:8225: result: -fPIC
configure:8228: checking for Perl5 ldflags
configure:8235: result:  -fstack-protector
configure:8238: checking for Perl5 Test::More module
configure:8245: result: found
configure:8300: checking for octave
configure:8333: result: no
configure:8475: checking for scilab
configure:8505: result: no
configure:8645: checking for java JDK
configure:8679: result: no (JAVA_HOME is not defined)
configure:8691: checking for java
configure:8707: found /usr/bin/java
configure:8718: result: java
configure:8742: checking for javac
configure:8758: found /usr/bin/javac
configure:8769: result: javac
configure:8785: checking for java include file jni.h
configure:8829: result: -I"/usr/lib/jvm/java-1.7.0-openjdk-1.7.0.91.x86_64/include"
configure:8832: checking for java include file jni_md.h
configure:8840: result: -I"/usr/lib/jvm/java-1.7.0-openjdk-1.7.0.91.x86_64/include/linux"
configure:8962: checking for node
configure:8992: result: no
configure:9055: checking for JavaScriptCore/JavaScript.h
configure:9095: result: not found
configure:9110: checking for JavaScriptCore/Webkit library
configure:9117: result: not found
configure:9133: checking for V8 Javascript v8.h
configure:9166: result: not found
configure:9174: checking for V8 Javascript library
configure:9195: result: not found
configure:9266: checking for gcj
configure:9296: result: no
configure:9313: checking for gcjh
configure:9343: result: no
configure:9407: checking for android
configure:9437: result: no
configure:9454: checking for adb
configure:9484: result: no
configure:9501: checking for ant
configure:9531: result: no
configure:9548: checking for ndk-build
configure:9578: result: no
configure:9644: checking for guile-config
configure:9677: result: no
configure:9804: checking for mzscheme
configure:9837: result: no
configure:9849: checking for mzc
configure:9882: result: no
configure:9941: checking for ruby
configure:9971: result: no
configure:9983: checking for Ruby header files
configure:10078: result: could not figure out how to run ruby
configure:10122: checking for php5
configure:10152: result: no
configure:10122: checking for php
configure:10138: found /usr/bin/php
configure:10149: result: php
configure:10164: checking for PHP header files
configure:10185: result: found PHP , but only PHP 5 is supported
configure:10251: checking for Ocaml DL load generator
configure:10258: checking for ocamldlgen
configure:10288: result: no
configure:10298: checking for Ocaml package tool
configure:10305: checking for ocamlfind
configure:10335: result: no
configure:10345: checking for Ocaml compiler
configure:10352: checking for ocamlc
configure:10368: found /usr/bin/ocamlc
configure:10379: result: ocamlc
configure:10392: checking for Ocaml toplevel creator
configure:10399: checking for ocamlmktop
configure:10415: found /usr/bin/ocamlmktop
configure:10426: result: ocamlmktop
configure:10439: checking for Ocaml Pre-Processor-Pretty-Printer
configure:10446: checking for camlp4
configure:10476: result: no
configure:10521: checking for pike
configure:10551: result: no
configure:10521: checking for pike7.8
configure:10551: result: no
configure:10521: checking for pike7.6
configure:10551: result: no
configure:10521: checking for pike7.4
configure:10551: result: no
configure:10521: checking for pike7.2
configure:10551: result: no
configure:10690: checking for chicken
configure:10720: result: no
configure:10746: checking for csc
configure:10776: result: no
configure:10813: checking for csi
configure:10843: result: no
configure:11079: checking for mono-csc
configure:11109: result: no
configure:11079: checking for gmcs
configure:11095: found /usr/bin/gmcs
configure:11106: result: gmcs
configure:11190: checking for mono
configure:11206: found /usr/bin/mono
configure:11217: result: mono
configure:11338: checking for lua5.2
configure:11371: result: no
configure:11338: checking for lua5.1
configure:11371: result: no
configure:11338: checking for lua
configure:11356: found /usr/bin/lua
configure:11368: result: /usr/bin/lua
configure:11383: checking Lua version
configure:11398: result: Lua 5.1 or later
configure:11404: checking whether Lua dynamic loading is enabled
configure:11418: result: yes
configure:11450: checking lua.h usability
configure:11450: gcc -c -g -O2 -Wall -W -ansi -pedantic  conftest.c >&5
conftest.c:60:17: error: lua.h: No such file or directory
configure:11450: $? = 1
configure: failed program was:
| /* confdefs.h */
| #define PACKAGE_NAME "swig"
| #define PACKAGE_TARNAME "swig"
| #define PACKAGE_VERSION "3.0.7"
| #define PACKAGE_STRING "swig 3.0.7"
| #define PACKAGE_BUGREPORT "http://www.swig.org"
| #define PACKAGE_URL ""
| #define PACKAGE "swig"
| #define VERSION "3.0.7"
| #define SWIG_CXX "g++"
| #define SWIG_PLATFORM "x86_64-unknown-linux-gnu"
| #define STDC_HEADERS 1
| #define HAVE_SYS_TYPES_H 1
| #define HAVE_SYS_STAT_H 1
| #define HAVE_STDLIB_H 1
| #define HAVE_STRING_H 1
| #define HAVE_MEMORY_H 1
| #define HAVE_STRINGS_H 1
| #define HAVE_INTTYPES_H 1
| #define HAVE_STDINT_H 1
| #define HAVE_UNISTD_H 1
| #define HAVE_BOOL 1
| #define HAVE_POPEN 1
| #define HAVE_BOOST /**/
| #define HAVE_LIBDL 1
| /* end confdefs.h.  */
| #include <stdio.h>
| #ifdef HAVE_SYS_TYPES_H
| # include <sys/types.h>
| #endif
| #ifdef HAVE_SYS_STAT_H
| # include <sys/stat.h>
| #endif
| #ifdef STDC_HEADERS
| # include <stdlib.h>
| # include <stddef.h>
| #else
| # ifdef HAVE_STDLIB_H
| #  include <stdlib.h>
| # endif
| #endif
| #ifdef HAVE_STRING_H
| # if !defined STDC_HEADERS && defined HAVE_MEMORY_H
| #  include <memory.h>
| # endif
| # include <string.h>
| #endif
| #ifdef HAVE_STRINGS_H
| # include <strings.h>
| #endif
| #ifdef HAVE_INTTYPES_H
| # include <inttypes.h>
| #endif
| #ifdef HAVE_STDINT_H
| # include <stdint.h>
| #endif
| #ifdef HAVE_UNISTD_H
| # include <unistd.h>
| #endif
| #include <lua.h>
configure:11450: result: no
configure:11450: checking lua.h presence
configure:11450: gcc -E  conftest.c
conftest.c:27:17: error: lua.h: No such file or directory
configure:11450: $? = 1
configure: failed program was:
| /* confdefs.h */
| #define PACKAGE_NAME "swig"
| #define PACKAGE_TARNAME "swig"
| #define PACKAGE_VERSION "3.0.7"
| #define PACKAGE_STRING "swig 3.0.7"
| #define PACKAGE_BUGREPORT "http://www.swig.org"
| #define PACKAGE_URL ""
| #define PACKAGE "swig"
| #define VERSION "3.0.7"
| #define SWIG_CXX "g++"
| #define SWIG_PLATFORM "x86_64-unknown-linux-gnu"
| #define STDC_HEADERS 1
| #define HAVE_SYS_TYPES_H 1
| #define HAVE_SYS_STAT_H 1
| #define HAVE_STDLIB_H 1
| #define HAVE_STRING_H 1
| #define HAVE_MEMORY_H 1
| #define HAVE_STRINGS_H 1
| #define HAVE_INTTYPES_H 1
| #define HAVE_STDINT_H 1
| #define HAVE_UNISTD_H 1
| #define HAVE_BOOL 1
| #define HAVE_POPEN 1
| #define HAVE_BOOST /**/
| #define HAVE_LIBDL 1
| /* end confdefs.h.  */
| #include <lua.h>
configure:11450: result: no
configure:11450: checking for lua.h
configure:11450: result: no
configure:11460: checking for lua.h in other locations
configure:11477: result: not found
configure:11513: checking for library containing lua_close
configure:11544: gcc -o conftest -g -O2 -Wall -W -ansi -pedantic   conftest.c -ldl  >&5
/tmp/cczQv5RP.o: In function `main':
/home/kgieseking/fits_api/swig-3.0.7/conftest.c:38: undefined reference to `lua_close'
collect2: ld returned 1 exit status
configure:11544: $? = 1
configure: failed program was:
| /* confdefs.h */
| #define PACKAGE_NAME "swig"
| #define PACKAGE_TARNAME "swig"
| #define PACKAGE_VERSION "3.0.7"
| #define PACKAGE_STRING "swig 3.0.7"
| #define PACKAGE_BUGREPORT "http://www.swig.org"
| #define PACKAGE_URL ""
| #define PACKAGE "swig"
| #define VERSION "3.0.7"
| #define SWIG_CXX "g++"
| #define SWIG_PLATFORM "x86_64-unknown-linux-gnu"
| #define STDC_HEADERS 1
| #define HAVE_SYS_TYPES_H 1
| #define HAVE_SYS_STAT_H 1
| #define HAVE_STDLIB_H 1
| #define HAVE_STRING_H 1
| #define HAVE_MEMORY_H 1
| #define HAVE_STRINGS_H 1
| #define HAVE_INTTYPES_H 1
| #define HAVE_STDINT_H 1
| #define HAVE_UNISTD_H 1
| #define HAVE_BOOL 1
| #define HAVE_POPEN 1
| #define HAVE_BOOST /**/
| #define HAVE_LIBDL 1
| /* end confdefs.h.  */
| 
| /* Override any GCC internal prototype to avoid an error.
|    Use char because int might match the return type of a GCC
|    builtin and then its argument prototype would still apply.  */
| #ifdef __cplusplus
| extern "C"
| #endif
| char lua_close ();
| int
| main ()
| {
| return lua_close ();
|   ;
|   return 0;
| }
configure:11544: gcc -o conftest -g -O2 -Wall -W -ansi -pedantic   conftest.c -llua  -ldl  >&5
/usr/bin/ld: cannot find -llua
collect2: ld returned 1 exit status
configure:11544: $? = 1
configure: failed program was:
| /* confdefs.h */
| #define PACKAGE_NAME "swig"
| #define PACKAGE_TARNAME "swig"
| #define PACKAGE_VERSION "3.0.7"
| #define PACKAGE_STRING "swig 3.0.7"
| #define PACKAGE_BUGREPORT "http://www.swig.org"
| #define PACKAGE_URL ""
| #define PACKAGE "swig"
| #define VERSION "3.0.7"
| #define SWIG_CXX "g++"
| #define SWIG_PLATFORM "x86_64-unknown-linux-gnu"
| #define STDC_HEADERS 1
| #define HAVE_SYS_TYPES_H 1
| #define HAVE_SYS_STAT_H 1
| #define HAVE_STDLIB_H 1
| #define HAVE_STRING_H 1
| #define HAVE_MEMORY_H 1
| #define HAVE_STRINGS_H 1
| #define HAVE_INTTYPES_H 1
| #define HAVE_STDINT_H 1
| #define HAVE_UNISTD_H 1
| #define HAVE_BOOL 1
| #define HAVE_POPEN 1
| #define HAVE_BOOST /**/
| #define HAVE_LIBDL 1
| /* end confdefs.h.  */
| 
| /* Override any GCC internal prototype to avoid an error.
|    Use char because int might match the return type of a GCC
|    builtin and then its argument prototype would still apply.  */
| #ifdef __cplusplus
| extern "C"
| #endif
| char lua_close ();
| int
| main ()
| {
| return lua_close ();
|   ;
|   return 0;
| }
configure:11544: gcc -o conftest -g -O2 -Wall -W -ansi -pedantic   conftest.c -llua5.2  -ldl  >&5
/usr/bin/ld: cannot find -llua5.2
collect2: ld returned 1 exit status
configure:11544: $? = 1
configure: failed program was:
| /* confdefs.h */
| #define PACKAGE_NAME "swig"
| #define PACKAGE_TARNAME "swig"
| #define PACKAGE_VERSION "3.0.7"
| #define PACKAGE_STRING "swig 3.0.7"
| #define PACKAGE_BUGREPORT "http://www.swig.org"
| #define PACKAGE_URL ""
| #define PACKAGE "swig"
| #define VERSION "3.0.7"
| #define SWIG_CXX "g++"
| #define SWIG_PLATFORM "x86_64-unknown-linux-gnu"
| #define STDC_HEADERS 1
| #define HAVE_SYS_TYPES_H 1
| #define HAVE_SYS_STAT_H 1
| #define HAVE_STDLIB_H 1
| #define HAVE_STRING_H 1
| #define HAVE_MEMORY_H 1
| #define HAVE_STRINGS_H 1
| #define HAVE_INTTYPES_H 1
| #define HAVE_STDINT_H 1
| #define HAVE_UNISTD_H 1
| #define HAVE_BOOL 1
| #define HAVE_POPEN 1
| #define HAVE_BOOST /**/
| #define HAVE_LIBDL 1
| /* end confdefs.h.  */
| 
| /* Override any GCC internal prototype to avoid an error.
|    Use char because int might match the return type of a GCC
|    builtin and then its argument prototype would still apply.  */
| #ifdef __cplusplus
| extern "C"
| #endif
| char lua_close ();
| int
| main ()
| {
| return lua_close ();
|   ;
|   return 0;
| }
configure:11544: gcc -o conftest -g -O2 -Wall -W -ansi -pedantic   conftest.c -llua5.1  -ldl  >&5
/usr/bin/ld: cannot find -llua5.1
collect2: ld returned 1 exit status
configure:11544: $? = 1
configure: failed program was:
| /* confdefs.h */
| #define PACKAGE_NAME "swig"
| #define PACKAGE_TARNAME "swig"
| #define PACKAGE_VERSION "3.0.7"
| #define PACKAGE_STRING "swig 3.0.7"
| #define PACKAGE_BUGREPORT "http://www.swig.org"
| #define PACKAGE_URL ""
| #define PACKAGE "swig"
| #define VERSION "3.0.7"
| #define SWIG_CXX "g++"
| #define SWIG_PLATFORM "x86_64-unknown-linux-gnu"
| #define STDC_HEADERS 1
| #define HAVE_SYS_TYPES_H 1
| #define HAVE_SYS_STAT_H 1
| #define HAVE_STDLIB_H 1
| #define HAVE_STRING_H 1
| #define HAVE_MEMORY_H 1
| #define HAVE_STRINGS_H 1
| #define HAVE_INTTYPES_H 1
| #define HAVE_STDINT_H 1
| #define HAVE_UNISTD_H 1
| #define HAVE_BOOL 1
| #define HAVE_POPEN 1
| #define HAVE_BOOST /**/
| #define HAVE_LIBDL 1
| /* end confdefs.h.  */
| 
| /* Override any GCC internal prototype to avoid an error.
|    Use char because int might match the return type of a GCC
|    builtin and then its argument prototype would still apply.  */
| #ifdef __cplusplus
| extern "C"
| #endif
| char lua_close ();
| int
| main ()
| {
| return lua_close ();
|   ;
|   return 0;
| }
configure:11544: gcc -o conftest -g -O2 -Wall -W -ansi -pedantic   conftest.c -llua51  -ldl  >&5
/usr/bin/ld: cannot find -llua51
collect2: ld returned 1 exit status
configure:11544: $? = 1
configure: failed program was:
| /* confdefs.h */
| #define PACKAGE_NAME "swig"
| #define PACKAGE_TARNAME "swig"
| #define PACKAGE_VERSION "3.0.7"
| #define PACKAGE_STRING "swig 3.0.7"
| #define PACKAGE_BUGREPORT "http://www.swig.org"
| #define PACKAGE_URL ""
| #define PACKAGE "swig"
| #define VERSION "3.0.7"
| #define SWIG_CXX "g++"
| #define SWIG_PLATFORM "x86_64-unknown-linux-gnu"
| #define STDC_HEADERS 1
| #define HAVE_SYS_TYPES_H 1
| #define HAVE_SYS_STAT_H 1
| #define HAVE_STDLIB_H 1
| #define HAVE_STRING_H 1
| #define HAVE_MEMORY_H 1
| #define HAVE_STRINGS_H 1
| #define HAVE_INTTYPES_H 1
| #define HAVE_STDINT_H 1
| #define HAVE_UNISTD_H 1
| #define HAVE_BOOL 1
| #define HAVE_POPEN 1
| #define HAVE_BOOST /**/
| #define HAVE_LIBDL 1
| /* end confdefs.h.  */
| 
| /* Override any GCC internal prototype to avoid an error.
|    Use char because int might match the return type of a GCC
|    builtin and then its argument prototype would still apply.  */
| #ifdef __cplusplus
| extern "C"
| #endif
| char lua_close ();
| int
| main ()
| {
| return lua_close ();
|   ;
|   return 0;
| }
configure:11544: gcc -o conftest -g -O2 -Wall -W -ansi -pedantic   conftest.c -llua5.0  -ldl  >&5
/usr/bin/ld: cannot find -llua5.0
collect2: ld returned 1 exit status
configure:11544: $? = 1
configure: failed program was:
| /* confdefs.h */
| #define PACKAGE_NAME "swig"
| #define PACKAGE_TARNAME "swig"
| #define PACKAGE_VERSION "3.0.7"
| #define PACKAGE_STRING "swig 3.0.7"
| #define PACKAGE_BUGREPORT "http://www.swig.org"
| #define PACKAGE_URL ""
| #define PACKAGE "swig"
| #define VERSION "3.0.7"
| #define SWIG_CXX "g++"
| #define SWIG_PLATFORM "x86_64-unknown-linux-gnu"
| #define STDC_HEADERS 1
| #define HAVE_SYS_TYPES_H 1
| #define HAVE_SYS_STAT_H 1
| #define HAVE_STDLIB_H 1
| #define HAVE_STRING_H 1
| #define HAVE_MEMORY_H 1
| #define HAVE_STRINGS_H 1
| #define HAVE_INTTYPES_H 1
| #define HAVE_STDINT_H 1
| #define HAVE_UNISTD_H 1
| #define HAVE_BOOL 1
| #define HAVE_POPEN 1
| #define HAVE_BOOST /**/
| #define HAVE_LIBDL 1
| /* end confdefs.h.  */
| 
| /* Override any GCC internal prototype to avoid an error.
|    Use char because int might match the return type of a GCC
|    builtin and then its argument prototype would still apply.  */
| #ifdef __cplusplus
| extern "C"
| #endif
| char lua_close ();
| int
| main ()
| {
| return lua_close ();
|   ;
|   return 0;
| }
configure:11544: gcc -o conftest -g -O2 -Wall -W -ansi -pedantic   conftest.c -llua50  -ldl  >&5
/usr/bin/ld: cannot find -llua50
collect2: ld returned 1 exit status
configure:11544: $? = 1
configure: failed program was:
| /* confdefs.h */
| #define PACKAGE_NAME "swig"
| #define PACKAGE_TARNAME "swig"
| #define PACKAGE_VERSION "3.0.7"
| #define PACKAGE_STRING "swig 3.0.7"
| #define PACKAGE_BUGREPORT "http://www.swig.org"
| #define PACKAGE_URL ""
| #define PACKAGE "swig"
| #define VERSION "3.0.7"
| #define SWIG_CXX "g++"
| #define SWIG_PLATFORM "x86_64-unknown-linux-gnu"
| #define STDC_HEADERS 1
| #define HAVE_SYS_TYPES_H 1
| #define HAVE_SYS_STAT_H 1
| #define HAVE_STDLIB_H 1
| #define HAVE_STRING_H 1
| #define HAVE_MEMORY_H 1
| #define HAVE_STRINGS_H 1
| #define HAVE_INTTYPES_H 1
| #define HAVE_STDINT_H 1
| #define HAVE_UNISTD_H 1
| #define HAVE_BOOL 1
| #define HAVE_POPEN 1
| #define HAVE_BOOST /**/
| #define HAVE_LIBDL 1
| /* end confdefs.h.  */
| 
| /* Override any GCC internal prototype to avoid an error.
|    Use char because int might match the return type of a GCC
|    builtin and then its argument prototype would still apply.  */
| #ifdef __cplusplus
| extern "C"
| #endif
| char lua_close ();
| int
| main ()
| {
| return lua_close ();
|   ;
|   return 0;
| }
configure:11561: result: no
configure:11614: checking for alisp
configure:11647: result: no
configure:11683: checking for clisp
configure:11716: result: no
configure:11752: checking for R
configure:11785: result: no
configure:11829: checking for go
configure:11859: result: no
configure:11935: checking for gccgo
configure:11965: result: no
configure:12094: checking for dmd
configure:12124: result: no
configure:12094: checking for ldmd
configure:12124: result: no
configure:12094: checking for gdmd
configure:12124: result: no
configure:12179: checking for dmd
configure:12209: result: no
configure:12179: checking for gdmd
configure:12209: result: no
configure:12693: checking that generated files are newer than configure
configure:12699: result: done
configure:12726: creating ./config.status

## ---------------------- ##
## Running config.status. ##
## ---------------------- ##

This file was extended by swig config.status 3.0.7, which was
generated by GNU Autoconf 2.69.  Invocation command line was

  CONFIG_FILES    = 
  CONFIG_HEADERS  = 
  CONFIG_LINKS    = 
  CONFIG_COMMANDS = 
  $ ./config.status 

on muarae4

config.status:1097: creating Makefile
config.status:1097: creating swig.spec
config.status:1097: creating Examples/Makefile
config.status:1097: creating Examples/d/example.mk
config.status:1097: creating Examples/xml/Makefile
config.status:1097: creating Examples/test-suite/errors/Makefile
config.status:1097: creating Examples/test-suite/chicken/Makefile
config.status:1097: creating Examples/test-suite/csharp/Makefile
config.status:1097: creating Examples/test-suite/d/Makefile
config.status:1097: creating Examples/test-suite/guile/Makefile
config.status:1097: creating Examples/test-suite/java/Makefile
config.status:1097: creating Examples/test-suite/javascript/Makefile
config.status:1097: creating Examples/test-suite/mzscheme/Makefile
config.status:1097: creating Examples/test-suite/ocaml/Makefile
config.status:1097: creating Examples/test-suite/octave/Makefile
config.status:1097: creating Examples/test-suite/perl5/Makefile
config.status:1097: creating Examples/test-suite/php/Makefile
config.status:1097: creating Examples/test-suite/pike/Makefile
config.status:1097: creating Examples/test-suite/python/Makefile
config.status:1097: creating Examples/test-suite/ruby/Makefile
config.status:1097: creating Examples/test-suite/scilab/Makefile
config.status:1097: creating Examples/test-suite/tcl/Makefile
config.status:1097: creating Examples/test-suite/lua/Makefile
config.status:1097: creating Examples/test-suite/allegrocl/Makefile
config.status:1097: creating Examples/test-suite/clisp/Makefile
config.status:1097: creating Examples/test-suite/cffi/Makefile
config.status:1097: creating Examples/test-suite/uffi/Makefile
config.status:1097: creating Examples/test-suite/r/Makefile
config.status:1097: creating Examples/test-suite/go/Makefile
config.status:1097: creating Source/Makefile
config.status:1097: creating Tools/javascript/Makefile
config.status:1097: creating preinst-swig
config.status:1097: creating CCache/ccache_swig_config.h
config.status:1097: creating Source/Include/swigconfig.h
config.status:1326: executing depfiles commands
config.status:1326: executing Examples commands
configure:14166: === configuring in CCache (/home/kgieseking/fits_api/swig-3.0.7/CCache)
configure:14229: running /bin/sh ./configure --disable-option-checking '--prefix=/home/kgieseking'  '--without-pcre' --cache-file=/dev/null --srcdir=.

## ---------------- ##
## Cache variables. ##
## ---------------- ##

ac_cv_build=x86_64-unknown-linux-gnu
ac_cv_c_compiler_gnu=yes
ac_cv_cxx_compiler_gnu=yes
ac_cv_env_CCC_set=
ac_cv_env_CCC_value=
ac_cv_env_CC_set=
ac_cv_env_CC_value=
ac_cv_env_CFLAGS_set=
ac_cv_env_CFLAGS_value=
ac_cv_env_CPPFLAGS_set=
ac_cv_env_CPPFLAGS_value=
ac_cv_env_CPP_set=
ac_cv_env_CPP_value=
ac_cv_env_CXXFLAGS_set=
ac_cv_env_CXXFLAGS_value=
ac_cv_env_CXX_set=
ac_cv_env_CXX_value=
ac_cv_env_LDFLAGS_set=
ac_cv_env_LDFLAGS_value=
ac_cv_env_LIBS_set=
ac_cv_env_LIBS_value=
ac_cv_env_PCRE_CFLAGS_set=
ac_cv_env_PCRE_CFLAGS_value=
ac_cv_env_PCRE_CONFIG_set=
ac_cv_env_PCRE_CONFIG_value=
ac_cv_env_PCRE_LIBS_set=
ac_cv_env_PCRE_LIBS_value=
ac_cv_env_YACC_set=
ac_cv_env_YACC_value=
ac_cv_env_YFLAGS_set=
ac_cv_env_YFLAGS_value=
ac_cv_env_build_alias_set=
ac_cv_env_build_alias_value=
ac_cv_env_host_alias_set=
ac_cv_env_host_alias_value=
ac_cv_env_target_alias_set=
ac_cv_env_target_alias_value=
ac_cv_func_popen=yes
ac_cv_header_inttypes_h=yes
ac_cv_header_lua_h=no
ac_cv_header_memory_h=yes
ac_cv_header_stdc=yes
ac_cv_header_stdint_h=yes
ac_cv_header_stdlib_h=yes
ac_cv_header_string_h=yes
ac_cv_header_strings_h=yes
ac_cv_header_sys_stat_h=yes
ac_cv_header_sys_types_h=yes
ac_cv_header_unistd_h=yes
ac_cv_host=x86_64-unknown-linux-gnu
ac_cv_lib_crypt_crypt=yes
ac_cv_lib_dl_dlopen=yes
ac_cv_lib_dld_shl_load=no
ac_cv_lib_ieee_main=yes
ac_cv_lib_swill_swill_init=no
ac_cv_objext=o
ac_cv_path_EGREP='/bin/grep -E'
ac_cv_path_GREP=/bin/grep
ac_cv_path_LUABIN=/usr/bin/lua
ac_cv_path_SED=/bin/sed
ac_cv_path_install='/usr/bin/install -c'
ac_cv_path_mkdir=/bin/mkdir
ac_cv_prog_AR=ar
ac_cv_prog_AWK=gawk
ac_cv_prog_CPP='gcc -E'
ac_cv_prog_CSHARPCILINTERPRETER=mono
ac_cv_prog_CSHARPCOMPILER=gmcs
ac_cv_prog_JAVA=java
ac_cv_prog_JAVAC=javac
ac_cv_prog_OCAMLC=ocamlc
ac_cv_prog_OCAMLMKTOP=ocamlmktop
ac_cv_prog_PERL=perl
ac_cv_prog_PHP=php
ac_cv_prog_PKGCONFIG=pkg-config
ac_cv_prog_PY3CONFIG=python-config
ac_cv_prog_PYTHON3=python
ac_cv_prog_PYTHON=python
ac_cv_prog_YACC='bison -y'
ac_cv_prog_ac_ct_CC=gcc
ac_cv_prog_ac_ct_CXX=g++
ac_cv_prog_ac_ct_RANLIB=ranlib
ac_cv_prog_cc_c89=
ac_cv_prog_cc_g=yes
ac_cv_prog_cxx_g=yes
ac_cv_prog_make_make_set=yes
ac_cv_search_gethostbyname='none required'
ac_cv_search_lua_close=no
ac_cv_search_socket='none required'
ac_cv_search_t_open=no
ac_cv_type_bool=yes
am_cv_CC_dependencies_compiler_type=gcc3
am_cv_CXX_dependencies_compiler_type=gcc3
am_cv_make_support_nested_variables=yes
am_cv_prog_cc_c_o=yes

## ----------------- ##
## Output variables. ##
## ----------------- ##

ACLOCAL='${SHELL} /home/kgieseking/fits_api/swig-3.0.7/Tools/config/missing aclocal-1.14'
ADB=''
ALLEGROCLBIN=''
AMDEPBACKSLASH='\'
AMDEP_FALSE='#'
AMDEP_TRUE=''
AMTAR='$${TAR-tar}'
AM_BACKSLASH='\'
AM_DEFAULT_V='$(AM_DEFAULT_VERBOSITY)'
AM_DEFAULT_VERBOSITY='1'
AM_V='$(V)'
ANDROID=''
ANT=''
AR='ar'
AUTOCONF='${SHELL} /home/kgieseking/fits_api/swig-3.0.7/Tools/config/missing autoconf'
AUTOHEADER='${SHELL} /home/kgieseking/fits_api/swig-3.0.7/Tools/config/missing autoheader'
AUTOMAKE='${SHELL} /home/kgieseking/fits_api/swig-3.0.7/Tools/config/missing automake-1.14'
AWK='gawk'
BOOST_CPPFLAGS='-I/usr/include'
BOOST_LDFLAGS='-L/usr/lib64'
CAMLP4=''
CC='gcc'
CCDEPMODE='depmode=gcc3'
CCSHARED='-fpic'
CFLAGS='-g -O2 -Wall -W -ansi -pedantic'
CHICKEN=''
CHICKENLIB=''
CHICKENOPTS=''
CHICKENSHAREDLIB=''
CHICKEN_CSC=''
CHICKEN_CSI=''
CLISPBIN=''
CPP='gcc -E'
CPPFLAGS=''
CSHARPCFLAGS=''
CSHARPCILINTERPRETER='mono'
CSHARPCILINTERPRETER_FLAGS='--debug'
CSHARPCOMPILER='gmcs'
CSHARPCONVERTPATH='Tools/convertpath -u'
CSHARPDYNAMICLINKING=''
CSHARPLIBRARYPREFIX='lib'
CSHARPSO='.so'
CXX='g++'
CXXDEPMODE='depmode=gcc3'
CXXFLAGS='-g -O2 -Wall -W -ansi -pedantic'
CXXSHARED='gcc -shared'
CYGPATH_W='echo'
D1COMPILER=''
D2COMPILER=''
DDEFAULTVERSION=''
DEFS='-DHAVE_CONFIG_H'
DEPDIR='.deps'
DLIBPREFIX='lib'
ECHO_C=''
ECHO_N='-n'
ECHO_T=''
EGREP='/bin/grep -E'
ENABLE_CCACHE='1'
EXEEXT=''
EXTRA_CLEAN=''
GCCGO=''
GCCGOOPT=''
GCJ=''
GCJH=''
GO12='false'
GO13='false'
GO15='false'
GO1='false'
GO=''
GOC=''
GOGCC='false'
GOOPT=''
GOVERSIONOPTION=''
GREP='/bin/grep'
GUILE='yes'
GUILE_CFLAGS=''
GUILE_CONFIG=''
GUILE_LIBS=''
GUILE_SO='.so'
HAVE_CXX11_COMPILER=''
INSTALL_DATA='${INSTALL} -m 644'
INSTALL_PROGRAM='${INSTALL}'
INSTALL_SCRIPT='${INSTALL}'
INSTALL_STRIP_PROGRAM='$(install_sh) -c -s'
JAVA='"java"'
JAVAC='"javac"'
JAVACFLAGS=''
JAVACXXSHARED='$(CXXSHARED)'
JAVADYNAMICLINKING=''
JAVAINC='-I"/usr/lib/jvm/java-1.7.0-openjdk-1.7.0.91.x86_64/include" -I"/usr/lib/jvm/java-1.7.0-openjdk-1.7.0.91.x86_64/include/linux"'
JAVALDSHARED='$(LDSHARED)'
JAVALIBRARYPREFIX='lib'
JAVASO='.so'
JSCENABLED=''
JSCOREDYNAMICLINKING=''
JSCOREINC=''
JSCOREVERSION=''
JSINTERPRETERCXX='$(CXX)'
JSINTERPRETERLINKFLAGS='-ldl'
JSV8DYNAMICLINKING=''
JSV8ENABLED=''
JSV8INC=''
LDFLAGS=''
LDSHARED='gcc -shared'
LIBC=''
LIBCRYPT='-lcrypt'
LIBM='-lieee -lm'
LIBOBJS=''
LIBS='-ldl '
LINKFORSHARED='-Xlinker -export-dynamic'
LTLIBOBJS=''
LUABIN=''
LUADYNAMICLINKING=''
LUAFLAGS=''
LUALINK=''
LUA_SO='.so'
MAKEINFO='${SHELL} /home/kgieseking/fits_api/swig-3.0.7/Tools/config/missing makeinfo'
MKDIR_P='/bin/mkdir -p'
MZC=''
MZDYNOBJ=''
MZSCHEME=''
MZSCHEME_SO='.so'
NDKBUILD=''
NODEGYP=''
NODEJS=''
OBJEXT='o'
OCAMLC='ocamlc'
OCAMLDLGEN=''
OCAMLFIND=''
OCAMLMKTOP='ocamlmktop'
OCTAVE=''
OCTAVE_CPPFLAGS=''
OCTAVE_CXXFLAGS=''
OCTAVE_LDFLAGS=''
OCTAVE_SO='.oct'
PACKAGE='swig'
PACKAGE_BUGREPORT='http://www.swig.org'
PACKAGE_NAME='swig'
PACKAGE_STRING='swig 3.0.7'
PACKAGE_TARNAME='swig'
PACKAGE_URL=''
PACKAGE_VERSION='3.0.7'
PATH_SEPARATOR=':'
PCRE_CFLAGS=''
PCRE_CONFIG=''
PCRE_LIBS=''
PEP8=''
PERL5CCCDLFLAGS='-fPIC'
PERL5CCDLFLAGS='-Wl,-E -Wl,-rpath,/usr/lib64/perl5/CORE'
PERL5CCFLAGS='-D_REENTRANT -D_GNU_SOURCE -fno-strict-aliasing -pipe -fstack-protector -isystem /usr/local/include -D_LARGEFILE_SOURCE -D_FILE_OFFSET_BITS=64'
PERL5DYNAMICLINKING=''
PERL5EXT='/usr/lib64/perl5/CORE'
PERL5LDFLAGS=' -fstack-protector'
PERL5LIB='perl'
PERL='perl'
PHP='php'
PHPINC=''
PHP_SO='.so'
PIKE=''
PIKECCDLFLAGS=''
PIKECONFIG=''
PIKEDYNAMICLINKING=''
PIKEINCLUDE=''
PKGCONFIG='pkg-config'
PLATCFLAGS=''
PLATCXXFLAGS=''
PY3CONFIG='python-config'
PY3INCLUDE=''
PY3LIB=''
PY3LINK=''
PYINCLUDE='-I/usr/include/python2.6 -I/usr/lib/python2.6/config'
PYLIB=''
PYLINK='-lpython2.6'
PYTHON3='python'
PYTHON3DYNAMICLINKING=''
PYTHON='python'
PYTHONDYNAMICLINKING=''
PYTHON_SO='.so'
RANLIB='ranlib'
RBIN=''
ROOT_DIR='/home/kgieseking/fits_api/swig-3.0.7'
RPATH='-Xlinker -rpath $(exec_prefix)/lib -Xlinker -rpath .'
RUBY=''
RUBYCCDLFLAGS=''
RUBYDYNAMICLINKING=''
RUBYINCLUDE=''
RUBYLIB=''
RUBYLINK=''
RUBYSO='.so'
SCILAB=''
SCILABINCLUDE=''
SCILABOPT=''
SED='/bin/sed'
SET_MAKE=''
SHELL='/bin/sh'
SKIP_ALLEGROCL='1'
SKIP_ANDROID='1'
SKIP_CFFI='1'
SKIP_CHICKEN='1'
SKIP_CLISP='1'
SKIP_CSHARP=''
SKIP_D='1'
SKIP_GCJ='1'
SKIP_GO='1'
SKIP_GUILE='1'
SKIP_JAVA=''
SKIP_JAVASCRIPT='1'
SKIP_LUA='1'
SKIP_MODULA3='1'
SKIP_MZSCHEME='1'
SKIP_OCAML=''
SKIP_OCTAVE='1'
SKIP_PERL5=''
SKIP_PHP='1'
SKIP_PIKE='1'
SKIP_PYTHON3='1'
SKIP_PYTHON=''
SKIP_R='1'
SKIP_RUBY='1'
SKIP_SCILAB='1'
SKIP_TCL='1'
SKIP_UFFI='1'
SO='.so'
STRIP=''
SWIGLIBS=''
SWIG_LIB='/home/kgieseking/share/swig/3.0.7'
SWIG_LIB_PREINST='/home/kgieseking/fits_api/swig-3.0.7/Lib'
SWILL=''
TCLCXXSHARED='$(CXXSHARED)'
TCLDYNAMICLINKING=''
TCLINCLUDE=''
TCLLDSHARED='$(LDSHARED)'
TCLLIB=''
TCL_SO='.so'
TRYLINKINGWITHCXX='CXXSHARED= g++ -shared '
VERSION='3.0.7'
YACC='bison -y'
YFLAGS=''
YODL2HTML=''
YODL2MAN=''
ac_aux_dir='Tools/config'
ac_ct_CC='gcc'
ac_ct_CXX='g++'
am__EXEEXT_FALSE=''
am__EXEEXT_TRUE='#'
am__fastdepCC_FALSE='#'
am__fastdepCC_TRUE=''
am__fastdepCXX_FALSE='#'
am__fastdepCXX_TRUE=''
am__include='include'
am__isrc=''
am__leading_dot='.'
am__nodep='_no'
am__quote=''
am__tar='$${TAR-tar} chof - "$$tardir"'
am__untar='$${TAR-tar} xf -'
bindir='${exec_prefix}/bin'
build='x86_64-unknown-linux-gnu'
build_alias=''
build_cpu='x86_64'
build_os='linux-gnu'
build_vendor='unknown'
datadir='${datarootdir}'
datarootdir='${prefix}/share'
docdir='${datarootdir}/doc/${PACKAGE_TARNAME}'
dvidir='${docdir}'
exec_prefix='${prefix}'
host='x86_64-unknown-linux-gnu'
host_alias=''
host_cpu='x86_64'
host_os='linux-gnu'
host_vendor='unknown'
htmldir='${docdir}'
includedir='${prefix}/include'
infodir='${datarootdir}/info'
install_sh='${SHELL} /home/kgieseking/fits_api/swig-3.0.7/Tools/config/install-sh'
libdir='${exec_prefix}/lib'
libexecdir='${exec_prefix}/libexec'
localedir='${datarootdir}/locale'
localstatedir='${prefix}/var'
mandir='${datarootdir}/man'
mkdir_p='$(MKDIR_P)'
oldincludedir='/usr/include'
pdfdir='${docdir}'
prefix='/home/kgieseking'
program_transform_name='s,x,x,'
psdir='${docdir}'
sbindir='${exec_prefix}/sbin'
sharedstatedir='${prefix}/com'
subdirs=' CCache'
swig_lib='${datarootdir}/swig/3.0.7'
sysconfdir='${prefix}/etc'
target_alias=''

## ----------- ##
## confdefs.h. ##
## ----------- ##

/* confdefs.h */
#define PACKAGE_NAME "swig"
#define PACKAGE_TARNAME "swig"
#define PACKAGE_VERSION "3.0.7"
#define PACKAGE_STRING "swig 3.0.7"
#define PACKAGE_BUGREPORT "http://www.swig.org"
#define PACKAGE_URL ""
#define PACKAGE "swig"
#define VERSION "3.0.7"
#define SWIG_CXX "g++"
#define SWIG_PLATFORM "x86_64-unknown-linux-gnu"
#define STDC_HEADERS 1
#define HAVE_SYS_TYPES_H 1
#define HAVE_SYS_STAT_H 1
#define HAVE_STDLIB_H 1
#define HAVE_STRING_H 1
#define HAVE_MEMORY_H 1
#define HAVE_STRINGS_H 1
#define HAVE_INTTYPES_H 1
#define HAVE_STDINT_H 1
#define HAVE_UNISTD_H 1
#define HAVE_BOOL 1
#define HAVE_POPEN 1
#define HAVE_BOOST /**/
#define HAVE_LIBDL 1
#define SWIG_LIB "/home/kgieseking/share/swig/3.0.7"
#define SWIG_LIB_WIN_UNIX ""

configure: exit 0
